\BOOKMARK [1][-]{section.0.1}{\376\377\000T\000h\000e\000\040\000p\000u\000r\000p\000o\000s\000e}{}% 1
\BOOKMARK [0][-]{chapter.1}{\376\377\000D\000a\000t\000a}{}% 2
\BOOKMARK [1][-]{section.1.1}{\376\377\000M\000e\000a\000s\000u\000r\000e\000m\000e\000n\000t\000\040\000u\000n\000c\000e\000r\000t\000a\000i\000n\000t\000y}{chapter.1}% 3
\BOOKMARK [1][-]{section.1.2}{\376\377\000E\000r\000r\000o\000r}{chapter.1}% 4
\BOOKMARK [0][-]{chapter.2}{\376\377\000H\000e\000a\000t\000i\000n\000g\000\040\000p\000r\000o\000c\000e\000s\000s}{}% 5
\BOOKMARK [1][-]{section.2.1}{\376\377\000D\000e\000f\000i\000n\000i\000t\000i\000o\000n\000s}{chapter.2}% 6
\BOOKMARK [2][-]{subsection.2.1.1}{\376\377\000H\000e\000a\000t}{section.2.1}% 7
\BOOKMARK [1][-]{section.2.2}{\376\377\000K\000i\000n\000e\000t\000i\000c\000\040\000p\000a\000r\000t\000i\000c\000l\000e\000\040\000m\000o\000d\000e\000l}{chapter.2}% 8
\BOOKMARK [1][-]{section.2.3}{\376\377\000H\000e\000a\000t}{chapter.2}% 9
\BOOKMARK [1][-]{section.2.4}{\376\377\000T\000e\000m\000p\000e\000r\000a\000t\000u\000r\000e}{chapter.2}% 10
\BOOKMARK [1][-]{section.2.5}{\376\377\000S\000p\000e\000c\000i\000f\000i\000c\000\040\000h\000e\000a\000t\000\040\000c\000a\000p\000a\000c\000i\000t\000y}{chapter.2}% 11
\BOOKMARK [1][-]{section.2.6}{\376\377\000C\000a\000l\000o\000r\000i\000m\000e\000t\000r\000y}{chapter.2}% 12
\BOOKMARK [1][-]{section.2.7}{\376\377\000S\000p\000e\000c\000i\000f\000i\000c\000\040\000l\000a\000t\000e\000n\000t\000\040\000h\000e\000a\000t}{chapter.2}% 13
\BOOKMARK [0][-]{chapter.3}{\376\377\000R\000a\000d\000i\000a\000t\000i\000o\000n\000\040\000a\000n\000d\000\040\000n\000u\000c\000l\000e\000a\000r\000\040\000r\000e\000a\000c\000t\000i\000o\000n\000s}{}% 14
\BOOKMARK [1][-]{section.3.1}{\376\377\000N\000u\000c\000l\000e\000a\000r\000\040\000m\000o\000d\000e\000l}{chapter.3}% 15
\BOOKMARK [1][-]{section.3.2}{\376\377\000M\000a\000s\000s\000\040\000d\000e\000f\000e\000c\000t\000\040\000a\000n\000d\000\040\000b\000i\000n\000d\000i\000n\000g\000\040\000e\000n\000e\000r\000g\000y}{chapter.3}% 16
\BOOKMARK [1][-]{section.3.3}{\376\377\000N\000u\000c\000l\000e\000a\000r\000\040\000d\000e\000c\000a\000y}{chapter.3}% 17
\BOOKMARK [1][-]{section.3.4}{\376\377\000H\000a\000l\000f\000-\000l\000i\000f\000e}{chapter.3}% 18
\BOOKMARK [1][-]{section.3.5}{\376\377\000F\000i\000s\000s\000i\000o\000n}{chapter.3}% 19
\BOOKMARK [1][-]{section.3.6}{\376\377\000F\000u\000s\000i\000o\000n}{chapter.3}% 20
\BOOKMARK [0][-]{chapter.4}{\376\377\000E\000l\000e\000c\000t\000r\000i\000c\000a\000l\000\040\000c\000i\000r\000c\000u\000i\000t\000s}{}% 21
\BOOKMARK [1][-]{section.4.1}{\376\377\000C\000h\000a\000r\000g\000e}{chapter.4}% 22
\BOOKMARK [1][-]{section.4.2}{\376\377\000C\000u\000r\000r\000e\000n\000t}{chapter.4}% 23
\BOOKMARK [1][-]{section.4.3}{\376\377\000V\000o\000l\000t\000a\000g\000e}{chapter.4}% 24
\BOOKMARK [1][-]{section.4.4}{\376\377\000P\000o\000w\000e\000r}{chapter.4}% 25
\BOOKMARK [1][-]{section.4.5}{\376\377\000R\000e\000s\000i\000s\000t\000a\000n\000c\000e}{chapter.4}% 26
\BOOKMARK [2][-]{subsection.4.5.1}{\376\377\000S\000e\000r\000i\000e\000s}{section.4.5}% 27
\BOOKMARK [2][-]{subsection.4.5.2}{\376\377\000P\000a\000r\000e\000l\000l}{section.4.5}% 28
\BOOKMARK [1][-]{section.4.6}{\376\377\000K\000i\000r\000c\000h\000h\000o\000f\000f\000'\000s\000\040\000L\000a\000w\000s}{chapter.4}% 29
\BOOKMARK [1][-]{section.4.7}{\376\377\000C\000i\000r\000c\000u\000i\000t\000\040\000a\000n\000a\000l\000y\000s\000i\000s}{chapter.4}% 30
\BOOKMARK [0][-]{chapter.5}{\376\377\000L\000i\000n\000e\000a\000r\000\040\000m\000o\000t\000i\000o\000n}{}% 31
\BOOKMARK [1][-]{section.5.1}{\376\377\000V\000e\000c\000t\000o\000r\000\040\000q\000u\000a\000n\000t\000i\000t\000i\000e\000s}{chapter.5}% 32
\BOOKMARK [2][-]{subsection.5.1.1}{\376\377\000V\000e\000l\000o\000c\000i\000t\000y}{section.5.1}% 33
\BOOKMARK [2][-]{subsection.5.1.2}{\376\377\000D\000i\000s\000p\000l\000a\000c\000e\000m\000e\000n\000t}{section.5.1}% 34
\BOOKMARK [2][-]{subsection.5.1.3}{\376\377\000A\000c\000c\000e\000l\000e\000r\000a\000t\000i\000o\000n}{section.5.1}% 35
\BOOKMARK [1][-]{section.5.2}{\376\377\000S\000c\000a\000l\000a\000r\000\040\000q\000u\000a\000n\000t\000i\000t\000i\000e\000s}{chapter.5}% 36
\BOOKMARK [2][-]{subsection.5.2.1}{\376\377\000S\000p\000e\000e\000d}{section.5.2}% 37
\BOOKMARK [2][-]{subsection.5.2.2}{\376\377\000D\000i\000s\000t\000a\000n\000c\000e}{section.5.2}% 38
\BOOKMARK [1][-]{section.5.3}{\376\377\000N\000e\000w\000t\000o\000n\000'\000s\000\040\000l\000a\000w\000s}{chapter.5}% 39
\BOOKMARK [2][-]{subsection.5.3.1}{\376\377\0001\000s\000t\000\040\000l\000a\000w}{section.5.3}% 40
\BOOKMARK [2][-]{subsection.5.3.2}{\376\377\0002\000n\000d\000\040\000l\000a\000w}{section.5.3}% 41
\BOOKMARK [2][-]{subsection.5.3.3}{\376\377\0003\000r\000d\000\040\000l\000a\000w}{section.5.3}% 42
\BOOKMARK [1][-]{section.5.4}{\376\377\000E\000q\000u\000a\000t\000i\000o\000n\000s\000\040\000o\000f\000\040\000m\000o\000t\000i\000o\000n}{chapter.5}% 43
\BOOKMARK [2][-]{subsection.5.4.1}{\376\377\000M\000o\000t\000i\000o\000n\000\040\000d\000u\000e\000\040\000t\000o\000\040\000g\000r\000a\000v\000i\000t\000y}{section.5.4}% 44
\BOOKMARK [1][-]{section.5.5}{\376\377\000M\000o\000m\000e\000n\000t\000u\000m}{chapter.5}% 45
\BOOKMARK [1][-]{section.5.6}{\376\377\000C\000o\000l\000l\000i\000s\000i\000o\000n\000s}{chapter.5}% 46
\BOOKMARK [2][-]{subsection.5.6.1}{\376\377\000E\000l\000a\000s\000t\000i\000c}{section.5.6}% 47
\BOOKMARK [2][-]{subsection.5.6.2}{\376\377\000I\000n\000e\000l\000a\000s\000t\000i\000c}{section.5.6}% 48
\BOOKMARK [1][-]{section.5.7}{\376\377\000W\000o\000r\000k}{chapter.5}% 49
\BOOKMARK [1][-]{section.5.8}{\376\377\000E\000n\000e\000r\000g\000y}{chapter.5}% 50
\BOOKMARK [2][-]{subsection.5.8.1}{\376\377\000K\000i\000n\000e\000t\000i\000c\000\040\000e\000n\000e\000r\000g\000y}{section.5.8}% 51
\BOOKMARK [2][-]{subsection.5.8.2}{\376\377\000G\000r\000a\000v\000i\000t\000a\000t\000i\000o\000n\000a\000l\000\040\000p\000o\000t\000e\000n\000t\000i\000a\000l\000\040\000e\000n\000e\000r\000g\000y}{section.5.8}% 52
\BOOKMARK [0][-]{chapter.6}{\376\377\000W\000a\000v\000e\000s\000\040\000a\000n\000d\000\040\000L\000i\000g\000h\000t}{}% 53
\BOOKMARK [1][-]{section.6.1}{\376\377\000C\000h\000a\000r\000a\000c\000t\000e\000r\000i\000s\000t\000i\000c\000s}{chapter.6}% 54
\BOOKMARK [1][-]{section.6.2}{\376\377\000T\000r\000a\000n\000s\000v\000e\000r\000s\000e}{chapter.6}% 55
\BOOKMARK [1][-]{section.6.3}{\376\377\000L\000o\000n\000g\000i\000t\000u\000d\000i\000n\000a\000l}{chapter.6}% 56
\BOOKMARK [1][-]{section.6.4}{\376\377\000R\000e\000f\000l\000e\000c\000t\000i\000o\000n}{chapter.6}% 57
\BOOKMARK [1][-]{section.6.5}{\376\377\000R\000e\000f\000r\000a\000c\000t\000i\000o\000n}{chapter.6}% 58
\BOOKMARK [2][-]{subsection.6.5.1}{\376\377\000L\000e\000n\000s\000e\000s}{section.6.5}% 59
\BOOKMARK [1][-]{section.6.6}{\376\377\000D\000i\000f\000f\000r\000a\000c\000t\000i\000o\000n}{chapter.6}% 60
\BOOKMARK [1][-]{section.6.7}{\376\377\000P\000o\000l\000a\000r\000i\000z\000a\000t\000i\000o\000n}{chapter.6}% 61
